This is pdfTeX, Version 3.141592653-2.6-1.40.23 (TeX Live 2022/dev) (preloaded format=pdflatex 2021.12.18)  19 DEC 2021 13:08
entering extended mode
 restricted \write18 enabled.
 %&-line parsing enabled.
**project.tex
(./project.tex
LaTeX2e <2021-11-15> patch level 1
L3 programming layer <2021-11-22> (/Users/ettorefalde/Library/TinyTeX/texmf-dis
t/tex/latex/base/article.cls
Document Class: article 2021/10/04 v1.4n Standard LaTeX document class
(/Users/ettorefalde/Library/TinyTeX/texmf-dist/tex/latex/base/size10.clo
File: size10.clo 2021/10/04 v1.4n Standard LaTeX file (size option)
)
\c@part=\count183
\c@section=\count184
\c@subsection=\count185
\c@subsubsection=\count186
\c@paragraph=\count187
\c@subparagraph=\count188
\c@figure=\count189
\c@table=\count190
\abovecaptionskip=\skip47
\belowcaptionskip=\skip48
\bibindent=\dimen138
) (/Users/ettorefalde/Library/TinyTeX/texmf-dist/tex/latex/amsmath/amsmath.sty
Package: amsmath 2021/10/15 v2.17l AMS math features
\@mathmargin=\skip49
For additional information on amsmath, use the `?' option.
(/Users/ettorefalde/Library/TinyTeX/texmf-dist/tex/latex/amsmath/amstext.sty
Package: amstext 2021/08/26 v2.01 AMS text
(/Users/ettorefalde/Library/TinyTeX/texmf-dist/tex/latex/amsmath/amsgen.sty
File: amsgen.sty 1999/11/30 v2.0 generic functions
\@emptytoks=\toks16
\ex@=\dimen139
)) (/Users/ettorefalde/Library/TinyTeX/texmf-dist/tex/latex/amsmath/amsbsy.sty
Package: amsbsy 1999/11/29 v1.2d Bold Symbols
\pmbraise@=\dimen140
) (/Users/ettorefalde/Library/TinyTeX/texmf-dist/tex/latex/amsmath/amsopn.sty
Package: amsopn 2021/08/26 v2.02 operator names
)
\inf@bad=\count191
LaTeX Info: Redefining \frac on input line 234.
\uproot@=\count192
\leftroot@=\count193
LaTeX Info: Redefining \overline on input line 399.
\classnum@=\count194
\DOTSCASE@=\count195
LaTeX Info: Redefining \ldots on input line 496.
LaTeX Info: Redefining \dots on input line 499.
LaTeX Info: Redefining \cdots on input line 620.
\Mathstrutbox@=\box50
\strutbox@=\box51
\big@size=\dimen141
LaTeX Font Info:    Redeclaring font encoding OML on input line 743.
LaTeX Font Info:    Redeclaring font encoding OMS on input line 744.
\macc@depth=\count196
\c@MaxMatrixCols=\count197
\dotsspace@=\muskip16
\c@parentequation=\count198
\dspbrk@lvl=\count199
\tag@help=\toks17
\row@=\count266
\column@=\count267
\maxfields@=\count268
\andhelp@=\toks18
\eqnshift@=\dimen142
\alignsep@=\dimen143
\tagshift@=\dimen144
\tagwidth@=\dimen145
\totwidth@=\dimen146
\lineht@=\dimen147
\@envbody=\toks19
\multlinegap=\skip50
\multlinetaggap=\skip51
\mathdisplay@stack=\toks20
LaTeX Info: Redefining \[ on input line 2938.
LaTeX Info: Redefining \] on input line 2939.
) (/Users/ettorefalde/Library/TinyTeX/texmf-dist/tex/latex/amsfonts/amssymb.sty
Package: amssymb 2013/01/14 v3.01 AMS font symbols
(/Users/ettorefalde/Library/TinyTeX/texmf-dist/tex/latex/amsfonts/amsfonts.sty
Package: amsfonts 2013/01/14 v3.01 Basic AMSFonts support
\symAMSa=\mathgroup4
\symAMSb=\mathgroup5
LaTeX Font Info:    Redeclaring math symbol \hbar on input line 98.
LaTeX Font Info:    Overwriting math alphabet `\mathfrak' in version `bold'
(Font)                  U/euf/m/n --> U/euf/b/n on input line 106.
)) (/Users/ettorefalde/Library/TinyTeX/texmf-dist/tex/latex/lm/lmodern.sty
Package: lmodern 2015/05/01 v1.6.1 Latin Modern Fonts
LaTeX Font Info:    Overwriting symbol font `operators' in version `normal'
(Font)                  OT1/cmr/m/n --> OT1/lmr/m/n on input line 22.
LaTeX Font Info:    Overwriting symbol font `letters' in version `normal'
(Font)                  OML/cmm/m/it --> OML/lmm/m/it on input line 23.
LaTeX Font Info:    Overwriting symbol font `symbols' in version `normal'
(Font)                  OMS/cmsy/m/n --> OMS/lmsy/m/n on input line 24.
LaTeX Font Info:    Overwriting symbol font `largesymbols' in version `normal'
(Font)                  OMX/cmex/m/n --> OMX/lmex/m/n on input line 25.
LaTeX Font Info:    Overwriting symbol font `operators' in version `bold'
(Font)                  OT1/cmr/bx/n --> OT1/lmr/bx/n on input line 26.
LaTeX Font Info:    Overwriting symbol font `letters' in version `bold'
(Font)                  OML/cmm/b/it --> OML/lmm/b/it on input line 27.
LaTeX Font Info:    Overwriting symbol font `symbols' in version `bold'
(Font)                  OMS/cmsy/b/n --> OMS/lmsy/b/n on input line 28.
LaTeX Font Info:    Overwriting symbol font `largesymbols' in version `bold'
(Font)                  OMX/cmex/m/n --> OMX/lmex/m/n on input line 29.
LaTeX Font Info:    Overwriting math alphabet `\mathbf' in version `normal'
(Font)                  OT1/cmr/bx/n --> OT1/lmr/bx/n on input line 31.
LaTeX Font Info:    Overwriting math alphabet `\mathsf' in version `normal'
(Font)                  OT1/cmss/m/n --> OT1/lmss/m/n on input line 32.
LaTeX Font Info:    Overwriting math alphabet `\mathit' in version `normal'
(Font)                  OT1/cmr/m/it --> OT1/lmr/m/it on input line 33.
LaTeX Font Info:    Overwriting math alphabet `\mathtt' in version `normal'
(Font)                  OT1/cmtt/m/n --> OT1/lmtt/m/n on input line 34.
LaTeX Font Info:    Overwriting math alphabet `\mathbf' in version `bold'
(Font)                  OT1/cmr/bx/n --> OT1/lmr/bx/n on input line 35.
LaTeX Font Info:    Overwriting math alphabet `\mathsf' in version `bold'
(Font)                  OT1/cmss/bx/n --> OT1/lmss/bx/n on input line 36.
LaTeX Font Info:    Overwriting math alphabet `\mathit' in version `bold'
(Font)                  OT1/cmr/bx/it --> OT1/lmr/bx/it on input line 37.
LaTeX Font Info:    Overwriting math alphabet `\mathtt' in version `bold'
(Font)                  OT1/cmtt/m/n --> OT1/lmtt/m/n on input line 38.
) (/Users/ettorefalde/Library/TinyTeX/texmf-dist/tex/generic/iftex/ifxetex.sty
Package: ifxetex 2019/10/25 v0.7 ifxetex legacy package. Use iftex instead.
(/Users/ettorefalde/Library/TinyTeX/texmf-dist/tex/generic/iftex/iftex.sty
Package: iftex 2020/03/06 v1.0d TeX engine tests
)) (/Users/ettorefalde/Library/TinyTeX/texmf-dist/tex/generic/iftex/ifluatex.st
y
Package: ifluatex 2019/10/25 v1.5 ifluatex legacy package. Use iftex instead.
) (/Users/ettorefalde/Library/TinyTeX/texmf-dist/tex/latex/base/fontenc.sty
Package: fontenc 2021/04/29 v2.0v Standard LaTeX package
LaTeX Font Info:    Trying to load font information for T1+lmr on input line 11
2.
(/Users/ettorefalde/Library/TinyTeX/texmf-dist/tex/latex/lm/t1lmr.fd
File: t1lmr.fd 2015/05/01 v1.6.1 Font defs for Latin Modern
)) (/Users/ettorefalde/Library/TinyTeX/texmf-dist/tex/latex/base/inputenc.sty
Package: inputenc 2021/02/14 v1.3d Input encoding file
\inpenc@prehook=\toks21
\inpenc@posthook=\toks22
) (/Users/ettorefalde/Library/TinyTeX/texmf-dist/tex/latex/base/textcomp.sty
Package: textcomp 2020/02/02 v2.0n Standard LaTeX package
) (/Users/ettorefalde/Library/TinyTeX/texmf-dist/tex/latex/xcolor/xcolor.sty
Package: xcolor 2021/10/31 v2.13 LaTeX color extensions (UK)

(/Users/ettorefalde/Library/TinyTeX/texmf-dist/tex/latex/graphics-cfg/color.cfg
File: color.cfg 2016/01/02 v1.6 sample color configuration
)
Package xcolor Info: Driver file: pdftex.def on input line 227.

(/Users/ettorefalde/Library/TinyTeX/texmf-dist/tex/latex/graphics-def/pdftex.de
f
File: pdftex.def 2020/10/05 v1.2a Graphics/color driver for pdftex
)
Package xcolor Info: Model `cmy' substituted by `cmy0' on input line 1352.
Package xcolor Info: Model `hsb' substituted by `rgb' on input line 1356.
Package xcolor Info: Model `RGB' extended on input line 1368.
Package xcolor Info: Model `HTML' substituted by `rgb' on input line 1370.
Package xcolor Info: Model `Hsb' substituted by `hsb' on input line 1371.
Package xcolor Info: Model `tHsb' substituted by `hsb' on input line 1372.
Package xcolor Info: Model `HSB' substituted by `hsb' on input line 1373.
Package xcolor Info: Model `Gray' substituted by `gray' on input line 1374.
Package xcolor Info: Model `wave' substituted by `hsb' on input line 1375.
) (/Users/ettorefalde/Library/TinyTeX/texmf-dist/tex/latex/hyperref/hyperref.st
y
Package: hyperref 2021-06-07 v7.00m Hypertext links for LaTeX
(/Users/ettorefalde/Library/TinyTeX/texmf-dist/tex/generic/ltxcmds/ltxcmds.sty
Package: ltxcmds 2020-05-10 v1.25 LaTeX kernel commands for general use (HO)
)
(/Users/ettorefalde/Library/TinyTeX/texmf-dist/tex/generic/pdftexcmds/pdftexcmd
s.sty
Package: pdftexcmds 2020-06-27 v0.33 Utility functions of pdfTeX for LuaTeX (HO
)

(/Users/ettorefalde/Library/TinyTeX/texmf-dist/tex/generic/infwarerr/infwarerr.
sty
Package: infwarerr 2019/12/03 v1.5 Providing info/warning/error messages (HO)
)
Package pdftexcmds Info: \pdf@primitive is available.
Package pdftexcmds Info: \pdf@ifprimitive is available.
Package pdftexcmds Info: \pdfdraftmode found.
) (/Users/ettorefalde/Library/TinyTeX/texmf-dist/tex/latex/graphics/keyval.sty
Package: keyval 2014/10/28 v1.15 key=value parser (DPC)
\KV@toks@=\toks23
)
(/Users/ettorefalde/Library/TinyTeX/texmf-dist/tex/generic/kvsetkeys/kvsetkeys.
sty
Package: kvsetkeys 2019/12/15 v1.18 Key value parser (HO)
)
(/Users/ettorefalde/Library/TinyTeX/texmf-dist/tex/generic/kvdefinekeys/kvdefin
ekeys.sty
Package: kvdefinekeys 2019-12-19 v1.6 Define keys (HO)
)
(/Users/ettorefalde/Library/TinyTeX/texmf-dist/tex/generic/pdfescape/pdfescape.
sty
Package: pdfescape 2019/12/09 v1.15 Implements pdfTeX's escape features (HO)
) (/Users/ettorefalde/Library/TinyTeX/texmf-dist/tex/latex/hycolor/hycolor.sty
Package: hycolor 2020-01-27 v1.10 Color options for hyperref/bookmark (HO)
)
(/Users/ettorefalde/Library/TinyTeX/texmf-dist/tex/latex/letltxmacro/letltxmacr
o.sty
Package: letltxmacro 2019/12/03 v1.6 Let assignment for LaTeX macros (HO)
) (/Users/ettorefalde/Library/TinyTeX/texmf-dist/tex/latex/auxhook/auxhook.sty
Package: auxhook 2019-12-17 v1.6 Hooks for auxiliary files (HO)
)
(/Users/ettorefalde/Library/TinyTeX/texmf-dist/tex/latex/kvoptions/kvoptions.st
y
Package: kvoptions 2020-10-07 v3.14 Key value format for package options (HO)
)
\@linkdim=\dimen148
\Hy@linkcounter=\count269
\Hy@pagecounter=\count270
(/Users/ettorefalde/Library/TinyTeX/texmf-dist/tex/latex/hyperref/pd1enc.def
File: pd1enc.def 2021-06-07 v7.00m Hyperref: PDFDocEncoding definition (HO)
Now handling font encoding PD1 ...
... no UTF-8 mapping file for font encoding PD1
)
(/Users/ettorefalde/Library/TinyTeX/texmf-dist/tex/latex/hyperref/hyperref-lang
patches.def
File: hyperref-langpatches.def 2021-06-07 v7.00m Hyperref: patches for babel la
nguages
) (/Users/ettorefalde/Library/TinyTeX/texmf-dist/tex/generic/intcalc/intcalc.st
y
Package: intcalc 2019/12/15 v1.3 Expandable calculations with integers (HO)
)
(/Users/ettorefalde/Library/TinyTeX/texmf-dist/tex/generic/etexcmds/etexcmds.st
y
Package: etexcmds 2019/12/15 v1.7 Avoid name clashes with e-TeX commands (HO)
)
\Hy@SavedSpaceFactor=\count271
(/Users/ettorefalde/Library/TinyTeX/texmf-dist/tex/latex/hyperref/puenc.def
File: puenc.def 2021-06-07 v7.00m Hyperref: PDF Unicode definition (HO)
Now handling font encoding PU ...
... no UTF-8 mapping file for font encoding PU
)
Package hyperref Info: Option `unicode' set `true' on input line 4073.
Package hyperref Info: Hyper figures OFF on input line 4192.
Package hyperref Info: Link nesting OFF on input line 4197.
Package hyperref Info: Hyper index ON on input line 4200.
Package hyperref Info: Plain pages OFF on input line 4207.
Package hyperref Info: Backreferencing OFF on input line 4212.
Package hyperref Info: Implicit mode ON; LaTeX internals redefined.
Package hyperref Info: Bookmarks ON on input line 4445.
\c@Hy@tempcnt=\count272
(/Users/ettorefalde/Library/TinyTeX/texmf-dist/tex/latex/url/url.sty
\Urlmuskip=\muskip17
Package: url 2013/09/16  ver 3.4  Verb mode for urls, etc.
)
LaTeX Info: Redefining \url on input line 4804.
\XeTeXLinkMargin=\dimen149
(/Users/ettorefalde/Library/TinyTeX/texmf-dist/tex/generic/bitset/bitset.sty
Package: bitset 2019/12/09 v1.3 Handle bit-vector datatype (HO)

(/Users/ettorefalde/Library/TinyTeX/texmf-dist/tex/generic/bigintcalc/bigintcal
c.sty
Package: bigintcalc 2019/12/15 v1.5 Expandable calculations on big integers (HO
)
))
\Fld@menulength=\count273
\Field@Width=\dimen150
\Fld@charsize=\dimen151
Package hyperref Info: Hyper figures OFF on input line 6076.
Package hyperref Info: Link nesting OFF on input line 6081.
Package hyperref Info: Hyper index ON on input line 6084.
Package hyperref Info: backreferencing OFF on input line 6091.
Package hyperref Info: Link coloring OFF on input line 6096.
Package hyperref Info: Link coloring with OCG OFF on input line 6101.
Package hyperref Info: PDF/A mode OFF on input line 6106.
LaTeX Info: Redefining \ref on input line 6146.
LaTeX Info: Redefining \pageref on input line 6150.
(/Users/ettorefalde/Library/TinyTeX/texmf-dist/tex/latex/base/atbegshi-ltx.sty
Package: atbegshi-ltx 2021/01/10 v1.0c Emulation of the original atbegshi
package with kernel methods
)
\Hy@abspage=\count274
\c@Item=\count275
\c@Hfootnote=\count276
)
Package hyperref Info: Driver (autodetected): hpdftex.
(/Users/ettorefalde/Library/TinyTeX/texmf-dist/tex/latex/hyperref/hpdftex.def
File: hpdftex.def 2021-06-07 v7.00m Hyperref driver for pdfTeX

(/Users/ettorefalde/Library/TinyTeX/texmf-dist/tex/latex/base/atveryend-ltx.sty
Package: atveryend-ltx 2020/08/19 v1.0a Emulation of the original atveryend pac
kage
with kernel methods
)
\Fld@listcount=\count277
\c@bookmark@seq@number=\count278

(/Users/ettorefalde/Library/TinyTeX/texmf-dist/tex/latex/rerunfilecheck/rerunfi
lecheck.sty
Package: rerunfilecheck 2019/12/05 v1.9 Rerun checks for auxiliary files (HO)

(/Users/ettorefalde/Library/TinyTeX/texmf-dist/tex/generic/uniquecounter/unique
counter.sty
Package: uniquecounter 2019/12/15 v1.4 Provide unlimited unique counter (HO)
)
Package uniquecounter Info: New unique counter `rerunfilecheck' on input line 2
86.
)
\Hy@SectionHShift=\skip52
) (/Users/ettorefalde/Library/TinyTeX/texmf-dist/tex/latex/geometry/geometry.st
y
Package: geometry 2020/01/02 v5.9 Page Geometry
(/Users/ettorefalde/Library/TinyTeX/texmf-dist/tex/generic/iftex/ifvtex.sty
Package: ifvtex 2019/10/25 v1.7 ifvtex legacy package. Use iftex instead.
)
\Gm@cnth=\count279
\Gm@cntv=\count280
\c@Gm@tempcnt=\count281
\Gm@bindingoffset=\dimen152
\Gm@wd@mp=\dimen153
\Gm@odd@mp=\dimen154
\Gm@even@mp=\dimen155
\Gm@layoutwidth=\dimen156
\Gm@layoutheight=\dimen157
\Gm@layouthoffset=\dimen158
\Gm@layoutvoffset=\dimen159
\Gm@dimlist=\toks24
) (/Users/ettorefalde/Library/TinyTeX/texmf-dist/tex/latex/fancyvrb/fancyvrb.st
y
Package: fancyvrb 2021/11/24\nobreakspace {} 4.1a\nobreakspace {}verbatim text 
(tvz,hv)
\FV@CodeLineNo=\count282
\FV@InFile=\read2
\FV@TabBox=\box52
\c@FancyVerbLine=\count283
\FV@StepNumber=\count284
\FV@OutFile=\write3
) (/Users/ettorefalde/Library/TinyTeX/texmf-dist/tex/latex/framed/framed.sty
Package: framed 2011/10/22 v 0.96: framed or shaded text with page breaks
\OuterFrameSep=\skip53
\fb@frw=\dimen160
\fb@frh=\dimen161
\FrameRule=\dimen162
\FrameSep=\dimen163
) (/Users/ettorefalde/Library/TinyTeX/texmf-dist/tex/latex/graphics/graphicx.st
y
Package: graphicx 2021/09/16 v1.2d Enhanced LaTeX Graphics (DPC,SPQR)
(/Users/ettorefalde/Library/TinyTeX/texmf-dist/tex/latex/graphics/graphics.sty
Package: graphics 2021/03/04 v1.4d Standard LaTeX Graphics (DPC,SPQR)
(/Users/ettorefalde/Library/TinyTeX/texmf-dist/tex/latex/graphics/trig.sty
Package: trig 2021/08/11 v1.11 sin cos tan (DPC)
)
(/Users/ettorefalde/Library/TinyTeX/texmf-dist/tex/latex/graphics-cfg/graphics.
cfg
File: graphics.cfg 2016/06/04 v1.11 sample graphics configuration
)
Package graphics Info: Driver file: pdftex.def on input line 107.
)
\Gin@req@height=\dimen164
\Gin@req@width=\dimen165
) (/Users/ettorefalde/Library/TinyTeX/texmf-dist/tex/latex/titling/titling.sty
Package: titling 2009/09/04 v2.1d maketitle typesetting
\thanksmarkwidth=\skip54
\thanksmargin=\skip55
\droptitle=\skip56
) (/Users/ettorefalde/Library/TinyTeX/texmf-dist/tex/latex/fancyhdr/fancyhdr.st
y
Package: fancyhdr 2021/01/28 v4.0.1 Extensive control of page headers and foote
rs
\f@nch@headwidth=\skip57
\f@nch@O@elh=\skip58
\f@nch@O@erh=\skip59
\f@nch@O@olh=\skip60
\f@nch@O@orh=\skip61
\f@nch@O@elf=\skip62
\f@nch@O@erf=\skip63
\f@nch@O@olf=\skip64
\f@nch@O@orf=\skip65
)

Package fancyhdr Warning: \fancyfoot's `E' option without twoside option is use
less on input line 102.


(/Users/ettorefalde/Library/TinyTeX/texmf-dist/tex/latex/l3backend/l3backend-pd
ftex.def
File: l3backend-pdftex.def 2021-12-14 L3 backend support: PDF output (pdfTeX)
\l__color_backend_stack_int=\count285
\l__pdf_internal_box=\box53
) (./project.aux)
\openout1 = `project.aux'.

LaTeX Font Info:    Checking defaults for OML/cmm/m/it on input line 111.
LaTeX Font Info:    ... okay on input line 111.
LaTeX Font Info:    Checking defaults for OMS/cmsy/m/n on input line 111.
LaTeX Font Info:    ... okay on input line 111.
LaTeX Font Info:    Checking defaults for OT1/cmr/m/n on input line 111.
LaTeX Font Info:    ... okay on input line 111.
LaTeX Font Info:    Checking defaults for T1/cmr/m/n on input line 111.
LaTeX Font Info:    ... okay on input line 111.
LaTeX Font Info:    Checking defaults for TS1/cmr/m/n on input line 111.
LaTeX Font Info:    ... okay on input line 111.
LaTeX Font Info:    Checking defaults for OMX/cmex/m/n on input line 111.
LaTeX Font Info:    ... okay on input line 111.
LaTeX Font Info:    Checking defaults for U/cmr/m/n on input line 111.
LaTeX Font Info:    ... okay on input line 111.
LaTeX Font Info:    Checking defaults for PD1/pdf/m/n on input line 111.
LaTeX Font Info:    ... okay on input line 111.
LaTeX Font Info:    Checking defaults for PU/pdf/m/n on input line 111.
LaTeX Font Info:    ... okay on input line 111.

(/Users/ettorefalde/Library/TinyTeX/texmf-dist/tex/latex/epstopdf-pkg/epstopdf-
base.sty
Package: epstopdf-base 2020-01-24 v2.11 Base part for package epstopdf
Package epstopdf-base Info: Redefining graphics rule for `.eps' on input line 4
85.

(/Users/ettorefalde/Library/TinyTeX/texmf-dist/tex/latex/latexconfig/epstopdf-s
ys.cfg
File: epstopdf-sys.cfg 2010/07/13 v1.3 Configuration of (r)epstopdf for TeX Liv
e
))
Package hyperref Info: Link coloring OFF on input line 111.
(/Users/ettorefalde/Library/TinyTeX/texmf-dist/tex/latex/hyperref/nameref.sty
Package: nameref 2021-04-02 v2.47 Cross-referencing by name of section
(/Users/ettorefalde/Library/TinyTeX/texmf-dist/tex/latex/refcount/refcount.sty
Package: refcount 2019/12/15 v3.6 Data extraction from label references (HO)
)
(/Users/ettorefalde/Library/TinyTeX/texmf-dist/tex/generic/gettitlestring/getti
tlestring.sty
Package: gettitlestring 2019/12/15 v1.6 Cleanup title references (HO)
)
\c@section@level=\count286
)
LaTeX Info: Redefining \ref on input line 111.
LaTeX Info: Redefining \pageref on input line 111.
LaTeX Info: Redefining \nameref on input line 111.
(./project.out) (./project.out)
\@outlinefile=\write4
\openout4 = `project.out'.

*geometry* driver: auto-detecting
*geometry* detected driver: pdftex
*geometry* verbose mode - [ preamble ] result:
* driver: pdftex
* paper: <default>
* layout: <same size as paper>
* layoutoffset:(h,v)=(0.0pt,0.0pt)
* modes: 
* h-part:(L,W,R)=(72.26999pt, 469.75502pt, 72.26999pt)
* v-part:(T,H,B)=(72.26999pt, 650.43001pt, 72.26999pt)
* \paperwidth=614.295pt
* \paperheight=794.96999pt
* \textwidth=469.75502pt
* \textheight=650.43001pt
* \oddsidemargin=0.0pt
* \evensidemargin=0.0pt
* \topmargin=-37.0pt
* \headheight=28.0pt
* \headsep=25.0pt
* \topskip=10.0pt
* \footskip=30.0pt
* \marginparwidth=65.0pt
* \marginparsep=11.0pt
* \columnsep=10.0pt
* \skip\footins=9.0pt plus 4.0pt minus 2.0pt
* \hoffset=0.0pt
* \voffset=0.0pt
* \mag=1000
* \@twocolumnfalse
* \@twosidefalse
* \@mparswitchfalse
* \@reversemarginfalse
* (1in=72.27pt=25.4mm, 1cm=28.453pt)

<upc-positiu-p3005.png, id=32, 569.12625pt x 170.6375pt>
File: upc-positiu-p3005.png Graphic file (type png)
<use upc-positiu-p3005.png>
Package pdftex.def Info: upc-positiu-p3005.png  used on input line 112.
(pdftex.def)             Requested size: 341.44365pt x 102.37286pt.
LaTeX Font Info:    Trying to load font information for OT1+lmr on input line 1
12.
(/Users/ettorefalde/Library/TinyTeX/texmf-dist/tex/latex/lm/ot1lmr.fd
File: ot1lmr.fd 2015/05/01 v1.6.1 Font defs for Latin Modern
)
LaTeX Font Info:    Trying to load font information for OML+lmm on input line 1
12.
(/Users/ettorefalde/Library/TinyTeX/texmf-dist/tex/latex/lm/omllmm.fd
File: omllmm.fd 2015/05/01 v1.6.1 Font defs for Latin Modern
)
LaTeX Font Info:    Trying to load font information for OMS+lmsy on input line 
112.
(/Users/ettorefalde/Library/TinyTeX/texmf-dist/tex/latex/lm/omslmsy.fd
File: omslmsy.fd 2015/05/01 v1.6.1 Font defs for Latin Modern
)
LaTeX Font Info:    Trying to load font information for OMX+lmex on input line 
112.
(/Users/ettorefalde/Library/TinyTeX/texmf-dist/tex/latex/lm/omxlmex.fd
File: omxlmex.fd 2015/05/01 v1.6.1 Font defs for Latin Modern
)
LaTeX Font Info:    External font `lmex10' loaded for size
(Font)              <12> on input line 112.
LaTeX Font Info:    External font `lmex10' loaded for size
(Font)              <8> on input line 112.
LaTeX Font Info:    External font `lmex10' loaded for size
(Font)              <6> on input line 112.
LaTeX Font Info:    Trying to load font information for U+msa on input line 112
.
(/Users/ettorefalde/Library/TinyTeX/texmf-dist/tex/latex/amsfonts/umsa.fd
File: umsa.fd 2013/01/14 v3.01 AMS symbols A
)
LaTeX Font Info:    Trying to load font information for U+msb on input line 112
.
(/Users/ettorefalde/Library/TinyTeX/texmf-dist/tex/latex/amsfonts/umsb.fd
File: umsb.fd 2013/01/14 v3.01 AMS symbols B
) [1

{/Users/ettorefalde/Library/TinyTeX/texmf-var/fonts/map/pdftex/updmap/pdftex.ma
p} <./upc-positiu-p3005.png>]
LaTeX Font Info:    Trying to load font information for T1+lmtt on input line 1
75.
(/Users/ettorefalde/Library/TinyTeX/texmf-dist/tex/latex/lm/t1lmtt.fd
File: t1lmtt.fd 2015/05/01 v1.6.1 Font defs for Latin Modern
)
File: upc-positiu-p3005.png Graphic file (type png)
<use upc-positiu-p3005.png>
Package pdftex.def Info: upc-positiu-p3005.png  used on input line 264.
(pdftex.def)             Requested size: 142.26384pt x 42.65405pt.

Package fancyhdr Warning: \headheight is too small (28.0pt): 
(fancyhdr)                Make it at least 46.25409pt, for example:
(fancyhdr)                \setlength{\headheight}{46.25409pt}.
(fancyhdr)                You might also make \topmargin smaller to compensate:

(fancyhdr)                \addtolength{\topmargin}{-18.25409pt}.

[2]
Overfull \hbox (19.547pt too wide) in paragraph at lines 290--293
[]\T1/lmr/bx/n/10 PerformanceRating\T1/lmr/m/n/10 : Per-for-mance rat-ing of th
e em-ployee (1=Low, 2=Good,3=Excellent,4=Outstanding) 
 []

File: upc-positiu-p3005.png Graphic file (type png)
<use upc-positiu-p3005.png>
Package pdftex.def Info: upc-positiu-p3005.png  used on input line 381.
(pdftex.def)             Requested size: 142.26384pt x 42.65405pt.

Package fancyhdr Warning: \headheight is too small (28.0pt): 
(fancyhdr)                Make it at least 46.25409pt, for example:
(fancyhdr)                \setlength{\headheight}{46.25409pt}.
(fancyhdr)                You might also make \topmargin smaller to compensate:

(fancyhdr)                \addtolength{\topmargin}{-18.25409pt}.

[3]
LaTeX Font Info:    Trying to load font information for TS1+lmtt on input line 
452.
(/Users/ettorefalde/Library/TinyTeX/texmf-dist/tex/latex/lm/ts1lmtt.fd
File: ts1lmtt.fd 2015/05/01 v1.6.1 Font defs for Latin Modern
)
<project_files/figure-latex/unnamed-chunk-12-1.pdf, id=101, 469.755pt x 325.215
pt>
File: project_files/figure-latex/unnamed-chunk-12-1.pdf Graphic file (type pdf)

<use project_files/figure-latex/unnamed-chunk-12-1.pdf>
Package pdftex.def Info: project_files/figure-latex/unnamed-chunk-12-1.pdf  use
d on input line 460.
(pdftex.def)             Requested size: 469.75386pt x 325.2142pt.
File: upc-positiu-p3005.png Graphic file (type png)
<use upc-positiu-p3005.png>
Package pdftex.def Info: upc-positiu-p3005.png  used on input line 462.
(pdftex.def)             Requested size: 142.26384pt x 42.65405pt.

Package fancyhdr Warning: \headheight is too small (28.0pt): 
(fancyhdr)                Make it at least 46.25409pt, for example:
(fancyhdr)                \setlength{\headheight}{46.25409pt}.
(fancyhdr)                You might also make \topmargin smaller to compensate:

(fancyhdr)                \addtolength{\topmargin}{-18.25409pt}.

[4]
<project_files/figure-latex/unnamed-chunk-13-1.pdf, id=114, 469.755pt x 325.215
pt>
File: project_files/figure-latex/unnamed-chunk-13-1.pdf Graphic file (type pdf)

<use project_files/figure-latex/unnamed-chunk-13-1.pdf>
Package pdftex.def Info: project_files/figure-latex/unnamed-chunk-13-1.pdf  use
d on input line 477.
(pdftex.def)             Requested size: 469.75386pt x 325.2142pt.
File: upc-positiu-p3005.png Graphic file (type png)
<use upc-positiu-p3005.png>
Package pdftex.def Info: upc-positiu-p3005.png  used on input line 479.
(pdftex.def)             Requested size: 142.26384pt x 42.65405pt.

Package fancyhdr Warning: \headheight is too small (28.0pt): 
(fancyhdr)                Make it at least 46.25409pt, for example:
(fancyhdr)                \setlength{\headheight}{46.25409pt}.
(fancyhdr)                You might also make \topmargin smaller to compensate:

(fancyhdr)                \addtolength{\topmargin}{-18.25409pt}.

[5 <./project_files/figure-latex/unnamed-chunk-12-1.pdf>]
<project_files/figure-latex/unnamed-chunk-14-1.pdf, id=124, 469.755pt x 325.215
pt>
File: project_files/figure-latex/unnamed-chunk-14-1.pdf Graphic file (type pdf)

<use project_files/figure-latex/unnamed-chunk-14-1.pdf>
Package pdftex.def Info: project_files/figure-latex/unnamed-chunk-14-1.pdf  use
d on input line 494.
(pdftex.def)             Requested size: 469.75386pt x 325.2142pt.
File: upc-positiu-p3005.png Graphic file (type png)
<use upc-positiu-p3005.png>
Package pdftex.def Info: upc-positiu-p3005.png  used on input line 499.
(pdftex.def)             Requested size: 142.26384pt x 42.65405pt.

Package fancyhdr Warning: \headheight is too small (28.0pt): 
(fancyhdr)                Make it at least 46.25409pt, for example:
(fancyhdr)                \setlength{\headheight}{46.25409pt}.
(fancyhdr)                You might also make \topmargin smaller to compensate:

(fancyhdr)                \addtolength{\topmargin}{-18.25409pt}.

[6 <./project_files/figure-latex/unnamed-chunk-13-1.pdf>]
LaTeX Font Info:    Font shape `T1/lmtt/bx/n' in size <10> not available
(Font)              Font shape `T1/lmtt/b/n' tried instead on input line 503.

LaTeX Font Warning: Font shape `T1/lmtt/bx/it' in size <10> not available
(Font)              Font shape `T1/lmtt/b/sl' tried instead on input line 503.

File: upc-positiu-p3005.png Graphic file (type png)
<use upc-positiu-p3005.png>
Package pdftex.def Info: upc-positiu-p3005.png  used on input line 562.
(pdftex.def)             Requested size: 142.26384pt x 42.65405pt.

Package fancyhdr Warning: \headheight is too small (28.0pt): 
(fancyhdr)                Make it at least 46.25409pt, for example:
(fancyhdr)                \setlength{\headheight}{46.25409pt}.
(fancyhdr)                You might also make \topmargin smaller to compensate:

(fancyhdr)                \addtolength{\topmargin}{-18.25409pt}.

[7 <./project_files/figure-latex/unnamed-chunk-14-1.pdf>]
<project_files/figure-latex/unnamed-chunk-17-1.pdf, id=149, 469.755pt x 325.215
pt>
File: project_files/figure-latex/unnamed-chunk-17-1.pdf Graphic file (type pdf)

<use project_files/figure-latex/unnamed-chunk-17-1.pdf>
Package pdftex.def Info: project_files/figure-latex/unnamed-chunk-17-1.pdf  use
d on input line 570.
(pdftex.def)             Requested size: 469.75386pt x 325.2142pt.
File: upc-positiu-p3005.png Graphic file (type png)
<use upc-positiu-p3005.png>
Package pdftex.def Info: upc-positiu-p3005.png  used on input line 570.
(pdftex.def)             Requested size: 142.26384pt x 42.65405pt.

Package fancyhdr Warning: \headheight is too small (28.0pt): 
(fancyhdr)                Make it at least 46.25409pt, for example:
(fancyhdr)                \setlength{\headheight}{46.25409pt}.
(fancyhdr)                You might also make \topmargin smaller to compensate:

(fancyhdr)                \addtolength{\topmargin}{-18.25409pt}.

[8]
<project_files/figure-latex/unnamed-chunk-18-1.pdf, id=155, 469.755pt x 325.215
pt>
File: project_files/figure-latex/unnamed-chunk-18-1.pdf Graphic file (type pdf)

<use project_files/figure-latex/unnamed-chunk-18-1.pdf>
Package pdftex.def Info: project_files/figure-latex/unnamed-chunk-18-1.pdf  use
d on input line 596.
(pdftex.def)             Requested size: 469.75386pt x 325.2142pt.
File: upc-positiu-p3005.png Graphic file (type png)
<use upc-positiu-p3005.png>
Package pdftex.def Info: upc-positiu-p3005.png  used on input line 596.
(pdftex.def)             Requested size: 142.26384pt x 42.65405pt.

Package fancyhdr Warning: \headheight is too small (28.0pt): 
(fancyhdr)                Make it at least 46.25409pt, for example:
(fancyhdr)                \setlength{\headheight}{46.25409pt}.
(fancyhdr)                You might also make \topmargin smaller to compensate:

(fancyhdr)                \addtolength{\topmargin}{-18.25409pt}.

[9 <./project_files/figure-latex/unnamed-chunk-17-1.pdf>]
<project_files/figure-latex/unnamed-chunk-19-1.pdf, id=167, 469.755pt x 325.215
pt>
File: project_files/figure-latex/unnamed-chunk-19-1.pdf Graphic file (type pdf)

<use project_files/figure-latex/unnamed-chunk-19-1.pdf>
Package pdftex.def Info: project_files/figure-latex/unnamed-chunk-19-1.pdf  use
d on input line 613.
(pdftex.def)             Requested size: 469.75386pt x 325.2142pt.
File: upc-positiu-p3005.png Graphic file (type png)
<use upc-positiu-p3005.png>
Package pdftex.def Info: upc-positiu-p3005.png  used on input line 615.
(pdftex.def)             Requested size: 142.26384pt x 42.65405pt.

Package fancyhdr Warning: \headheight is too small (28.0pt): 
(fancyhdr)                Make it at least 46.25409pt, for example:
(fancyhdr)                \setlength{\headheight}{46.25409pt}.
(fancyhdr)                You might also make \topmargin smaller to compensate:

(fancyhdr)                \addtolength{\topmargin}{-18.25409pt}.

[10 <./project_files/figure-latex/unnamed-chunk-18-1.pdf>]
<project_files/figure-latex/unnamed-chunk-20-1.pdf, id=177, 469.755pt x 325.215
pt>
File: project_files/figure-latex/unnamed-chunk-20-1.pdf Graphic file (type pdf)

<use project_files/figure-latex/unnamed-chunk-20-1.pdf>
Package pdftex.def Info: project_files/figure-latex/unnamed-chunk-20-1.pdf  use
d on input line 634.
(pdftex.def)             Requested size: 469.75386pt x 325.2142pt.
File: upc-positiu-p3005.png Graphic file (type png)
<use upc-positiu-p3005.png>
Package pdftex.def Info: upc-positiu-p3005.png  used on input line 636.
(pdftex.def)             Requested size: 142.26384pt x 42.65405pt.

Package fancyhdr Warning: \headheight is too small (28.0pt): 
(fancyhdr)                Make it at least 46.25409pt, for example:
(fancyhdr)                \setlength{\headheight}{46.25409pt}.
(fancyhdr)                You might also make \topmargin smaller to compensate:

(fancyhdr)                \addtolength{\topmargin}{-18.25409pt}.

[11 <./project_files/figure-latex/unnamed-chunk-19-1.pdf>]
File: upc-positiu-p3005.png Graphic file (type png)
<use upc-positiu-p3005.png>
Package pdftex.def Info: upc-positiu-p3005.png  used on input line 688.
(pdftex.def)             Requested size: 142.26384pt x 42.65405pt.

Package fancyhdr Warning: \headheight is too small (28.0pt): 
(fancyhdr)                Make it at least 46.25409pt, for example:
(fancyhdr)                \setlength{\headheight}{46.25409pt}.
(fancyhdr)                You might also make \topmargin smaller to compensate:

(fancyhdr)                \addtolength{\topmargin}{-18.25409pt}.

[12 <./project_files/figure-latex/unnamed-chunk-20-1.pdf>]
<project_files/figure-latex/unnamed-chunk-21-1.pdf, id=197, 469.755pt x 325.215
pt>
File: project_files/figure-latex/unnamed-chunk-21-1.pdf Graphic file (type pdf)

<use project_files/figure-latex/unnamed-chunk-21-1.pdf>
Package pdftex.def Info: project_files/figure-latex/unnamed-chunk-21-1.pdf  use
d on input line 723.
(pdftex.def)             Requested size: 469.75386pt x 325.2142pt.
File: upc-positiu-p3005.png Graphic file (type png)
<use upc-positiu-p3005.png>
Package pdftex.def Info: upc-positiu-p3005.png  used on input line 725.
(pdftex.def)             Requested size: 142.26384pt x 42.65405pt.

Package fancyhdr Warning: \headheight is too small (28.0pt): 
(fancyhdr)                Make it at least 46.25409pt, for example:
(fancyhdr)                \setlength{\headheight}{46.25409pt}.
(fancyhdr)                You might also make \topmargin smaller to compensate:

(fancyhdr)                \addtolength{\topmargin}{-18.25409pt}.

[13]
<project_files/figure-latex/unnamed-chunk-22-1.pdf, id=203, 469.755pt x 325.215
pt>
File: project_files/figure-latex/unnamed-chunk-22-1.pdf Graphic file (type pdf)

<use project_files/figure-latex/unnamed-chunk-22-1.pdf>
Package pdftex.def Info: project_files/figure-latex/unnamed-chunk-22-1.pdf  use
d on input line 743.
(pdftex.def)             Requested size: 469.75386pt x 325.2142pt.
File: upc-positiu-p3005.png Graphic file (type png)
<use upc-positiu-p3005.png>
Package pdftex.def Info: upc-positiu-p3005.png  used on input line 745.
(pdftex.def)             Requested size: 142.26384pt x 42.65405pt.

Package fancyhdr Warning: \headheight is too small (28.0pt): 
(fancyhdr)                Make it at least 46.25409pt, for example:
(fancyhdr)                \setlength{\headheight}{46.25409pt}.
(fancyhdr)                You might also make \topmargin smaller to compensate:

(fancyhdr)                \addtolength{\topmargin}{-18.25409pt}.

[14 <./project_files/figure-latex/unnamed-chunk-21-1.pdf>]
<project_files/figure-latex/unnamed-chunk-23-1.pdf, id=219, 469.755pt x 325.215
pt>
File: project_files/figure-latex/unnamed-chunk-23-1.pdf Graphic file (type pdf)

<use project_files/figure-latex/unnamed-chunk-23-1.pdf>
Package pdftex.def Info: project_files/figure-latex/unnamed-chunk-23-1.pdf  use
d on input line 757.
(pdftex.def)             Requested size: 469.75386pt x 325.2142pt.
File: upc-positiu-p3005.png Graphic file (type png)
<use upc-positiu-p3005.png>
Package pdftex.def Info: upc-positiu-p3005.png  used on input line 759.
(pdftex.def)             Requested size: 142.26384pt x 42.65405pt.

Package fancyhdr Warning: \headheight is too small (28.0pt): 
(fancyhdr)                Make it at least 46.25409pt, for example:
(fancyhdr)                \setlength{\headheight}{46.25409pt}.
(fancyhdr)                You might also make \topmargin smaller to compensate:

(fancyhdr)                \addtolength{\topmargin}{-18.25409pt}.

[15 <./project_files/figure-latex/unnamed-chunk-22-1.pdf>]
<project_files/figure-latex/unnamed-chunk-24-1.pdf, id=230, 469.755pt x 325.215
pt>
File: project_files/figure-latex/unnamed-chunk-24-1.pdf Graphic file (type pdf)

<use project_files/figure-latex/unnamed-chunk-24-1.pdf>
Package pdftex.def Info: project_files/figure-latex/unnamed-chunk-24-1.pdf  use
d on input line 777.
(pdftex.def)             Requested size: 469.75386pt x 325.2142pt.
File: upc-positiu-p3005.png Graphic file (type png)
<use upc-positiu-p3005.png>
Package pdftex.def Info: upc-positiu-p3005.png  used on input line 779.
(pdftex.def)             Requested size: 142.26384pt x 42.65405pt.

Package fancyhdr Warning: \headheight is too small (28.0pt): 
(fancyhdr)                Make it at least 46.25409pt, for example:
(fancyhdr)                \setlength{\headheight}{46.25409pt}.
(fancyhdr)                You might also make \topmargin smaller to compensate:

(fancyhdr)                \addtolength{\topmargin}{-18.25409pt}.

[16 <./project_files/figure-latex/unnamed-chunk-23-1.pdf>]
<project_files/figure-latex/unnamed-chunk-25-1.pdf, id=241, 469.755pt x 325.215
pt>
File: project_files/figure-latex/unnamed-chunk-25-1.pdf Graphic file (type pdf)

<use project_files/figure-latex/unnamed-chunk-25-1.pdf>
Package pdftex.def Info: project_files/figure-latex/unnamed-chunk-25-1.pdf  use
d on input line 791.
(pdftex.def)             Requested size: 469.75386pt x 325.2142pt.
File: upc-positiu-p3005.png Graphic file (type png)
<use upc-positiu-p3005.png>
Package pdftex.def Info: upc-positiu-p3005.png  used on input line 793.
(pdftex.def)             Requested size: 142.26384pt x 42.65405pt.

Package fancyhdr Warning: \headheight is too small (28.0pt): 
(fancyhdr)                Make it at least 46.25409pt, for example:
(fancyhdr)                \setlength{\headheight}{46.25409pt}.
(fancyhdr)                You might also make \topmargin smaller to compensate:

(fancyhdr)                \addtolength{\topmargin}{-18.25409pt}.

[17 <./project_files/figure-latex/unnamed-chunk-24-1.pdf>]
<project_files/figure-latex/unnamed-chunk-26-1.pdf, id=252, 469.755pt x 325.215
pt>
File: project_files/figure-latex/unnamed-chunk-26-1.pdf Graphic file (type pdf)

<use project_files/figure-latex/unnamed-chunk-26-1.pdf>
Package pdftex.def Info: project_files/figure-latex/unnamed-chunk-26-1.pdf  use
d on input line 810.
(pdftex.def)             Requested size: 469.75386pt x 325.2142pt.
File: upc-positiu-p3005.png Graphic file (type png)
<use upc-positiu-p3005.png>
Package pdftex.def Info: upc-positiu-p3005.png  used on input line 812.
(pdftex.def)             Requested size: 142.26384pt x 42.65405pt.

Package fancyhdr Warning: \headheight is too small (28.0pt): 
(fancyhdr)                Make it at least 46.25409pt, for example:
(fancyhdr)                \setlength{\headheight}{46.25409pt}.
(fancyhdr)                You might also make \topmargin smaller to compensate:

(fancyhdr)                \addtolength{\topmargin}{-18.25409pt}.

[18 <./project_files/figure-latex/unnamed-chunk-25-1.pdf>]
<project_files/figure-latex/unnamed-chunk-27-1.pdf, id=263, 469.755pt x 325.215
pt>
File: project_files/figure-latex/unnamed-chunk-27-1.pdf Graphic file (type pdf)

<use project_files/figure-latex/unnamed-chunk-27-1.pdf>
Package pdftex.def Info: project_files/figure-latex/unnamed-chunk-27-1.pdf  use
d on input line 824.
(pdftex.def)             Requested size: 469.75386pt x 325.2142pt.
File: upc-positiu-p3005.png Graphic file (type png)
<use upc-positiu-p3005.png>
Package pdftex.def Info: upc-positiu-p3005.png  used on input line 826.
(pdftex.def)             Requested size: 142.26384pt x 42.65405pt.

Package fancyhdr Warning: \headheight is too small (28.0pt): 
(fancyhdr)                Make it at least 46.25409pt, for example:
(fancyhdr)                \setlength{\headheight}{46.25409pt}.
(fancyhdr)                You might also make \topmargin smaller to compensate:

(fancyhdr)                \addtolength{\topmargin}{-18.25409pt}.

[19 <./project_files/figure-latex/unnamed-chunk-26-1.pdf>]
<project_files/figure-latex/unnamed-chunk-28-1.pdf, id=275, 469.755pt x 325.215
pt>
File: project_files/figure-latex/unnamed-chunk-28-1.pdf Graphic file (type pdf)

<use project_files/figure-latex/unnamed-chunk-28-1.pdf>
Package pdftex.def Info: project_files/figure-latex/unnamed-chunk-28-1.pdf  use
d on input line 844.
(pdftex.def)             Requested size: 469.75386pt x 325.2142pt.
File: upc-positiu-p3005.png Graphic file (type png)
<use upc-positiu-p3005.png>
Package pdftex.def Info: upc-positiu-p3005.png  used on input line 846.
(pdftex.def)             Requested size: 142.26384pt x 42.65405pt.

Package fancyhdr Warning: \headheight is too small (28.0pt): 
(fancyhdr)                Make it at least 46.25409pt, for example:
(fancyhdr)                \setlength{\headheight}{46.25409pt}.
(fancyhdr)                You might also make \topmargin smaller to compensate:

(fancyhdr)                \addtolength{\topmargin}{-18.25409pt}.

[20 <./project_files/figure-latex/unnamed-chunk-27-1.pdf>]
<project_files/figure-latex/unnamed-chunk-30-1.pdf, id=287, 469.755pt x 325.215
pt>
File: project_files/figure-latex/unnamed-chunk-30-1.pdf Graphic file (type pdf)

<use project_files/figure-latex/unnamed-chunk-30-1.pdf>
Package pdftex.def Info: project_files/figure-latex/unnamed-chunk-30-1.pdf  use
d on input line 869.
(pdftex.def)             Requested size: 469.75386pt x 325.2142pt.
File: upc-positiu-p3005.png Graphic file (type png)
<use upc-positiu-p3005.png>
Package pdftex.def Info: upc-positiu-p3005.png  used on input line 871.
(pdftex.def)             Requested size: 142.26384pt x 42.65405pt.

Package fancyhdr Warning: \headheight is too small (28.0pt): 
(fancyhdr)                Make it at least 46.25409pt, for example:
(fancyhdr)                \setlength{\headheight}{46.25409pt}.
(fancyhdr)                You might also make \topmargin smaller to compensate:

(fancyhdr)                \addtolength{\topmargin}{-18.25409pt}.

[21 <./project_files/figure-latex/unnamed-chunk-28-1.pdf>]
<project_files/figure-latex/unnamed-chunk-31-1.pdf, id=297, 469.755pt x 325.215
pt>
File: project_files/figure-latex/unnamed-chunk-31-1.pdf Graphic file (type pdf)

<use project_files/figure-latex/unnamed-chunk-31-1.pdf>
Package pdftex.def Info: project_files/figure-latex/unnamed-chunk-31-1.pdf  use
d on input line 893.
(pdftex.def)             Requested size: 469.75386pt x 325.2142pt.
File: upc-positiu-p3005.png Graphic file (type png)
<use upc-positiu-p3005.png>
Package pdftex.def Info: upc-positiu-p3005.png  used on input line 895.
(pdftex.def)             Requested size: 142.26384pt x 42.65405pt.

Package fancyhdr Warning: \headheight is too small (28.0pt): 
(fancyhdr)                Make it at least 46.25409pt, for example:
(fancyhdr)                \setlength{\headheight}{46.25409pt}.
(fancyhdr)                You might also make \topmargin smaller to compensate:

(fancyhdr)                \addtolength{\topmargin}{-18.25409pt}.

[22 <./project_files/figure-latex/unnamed-chunk-30-1.pdf>]
<project_files/figure-latex/unnamed-chunk-32-1.pdf, id=307, 469.755pt x 325.215
pt>
File: project_files/figure-latex/unnamed-chunk-32-1.pdf Graphic file (type pdf)

<use project_files/figure-latex/unnamed-chunk-32-1.pdf>
Package pdftex.def Info: project_files/figure-latex/unnamed-chunk-32-1.pdf  use
d on input line 924.
(pdftex.def)             Requested size: 469.75386pt x 325.2142pt.
File: upc-positiu-p3005.png Graphic file (type png)
<use upc-positiu-p3005.png>
Package pdftex.def Info: upc-positiu-p3005.png  used on input line 926.
(pdftex.def)             Requested size: 142.26384pt x 42.65405pt.

Package fancyhdr Warning: \headheight is too small (28.0pt): 
(fancyhdr)                Make it at least 46.25409pt, for example:
(fancyhdr)                \setlength{\headheight}{46.25409pt}.
(fancyhdr)                You might also make \topmargin smaller to compensate:

(fancyhdr)                \addtolength{\topmargin}{-18.25409pt}.

[23 <./project_files/figure-latex/unnamed-chunk-31-1.pdf>]
<project_files/figure-latex/unnamed-chunk-32-2.pdf, id=320, 469.755pt x 325.215
pt>
File: project_files/figure-latex/unnamed-chunk-32-2.pdf Graphic file (type pdf)

<use project_files/figure-latex/unnamed-chunk-32-2.pdf>
Package pdftex.def Info: project_files/figure-latex/unnamed-chunk-32-2.pdf  use
d on input line 948.
(pdftex.def)             Requested size: 469.75386pt x 325.2142pt.
File: upc-positiu-p3005.png Graphic file (type png)
<use upc-positiu-p3005.png>
Package pdftex.def Info: upc-positiu-p3005.png  used on input line 950.
(pdftex.def)             Requested size: 142.26384pt x 42.65405pt.

Package fancyhdr Warning: \headheight is too small (28.0pt): 
(fancyhdr)                Make it at least 46.25409pt, for example:
(fancyhdr)                \setlength{\headheight}{46.25409pt}.
(fancyhdr)                You might also make \topmargin smaller to compensate:

(fancyhdr)                \addtolength{\topmargin}{-18.25409pt}.

[24 <./project_files/figure-latex/unnamed-chunk-32-1.pdf>]
<project_files/figure-latex/unnamed-chunk-32-3.pdf, id=331, 469.755pt x 325.215
pt>
File: project_files/figure-latex/unnamed-chunk-32-3.pdf Graphic file (type pdf)

<use project_files/figure-latex/unnamed-chunk-32-3.pdf>
Package pdftex.def Info: project_files/figure-latex/unnamed-chunk-32-3.pdf  use
d on input line 979.
(pdftex.def)             Requested size: 469.75386pt x 325.2142pt.
File: upc-positiu-p3005.png Graphic file (type png)
<use upc-positiu-p3005.png>
Package pdftex.def Info: upc-positiu-p3005.png  used on input line 982.
(pdftex.def)             Requested size: 142.26384pt x 42.65405pt.

Package fancyhdr Warning: \headheight is too small (28.0pt): 
(fancyhdr)                Make it at least 46.25409pt, for example:
(fancyhdr)                \setlength{\headheight}{46.25409pt}.
(fancyhdr)                You might also make \topmargin smaller to compensate:

(fancyhdr)                \addtolength{\topmargin}{-18.25409pt}.

[25 <./project_files/figure-latex/unnamed-chunk-32-2.pdf>]
LaTeX Font Info:    External font `lmex10' loaded for size
(Font)              <10> on input line 998.
LaTeX Font Info:    External font `lmex10' loaded for size
(Font)              <7> on input line 998.
LaTeX Font Info:    External font `lmex10' loaded for size
(Font)              <5> on input line 998.
File: upc-positiu-p3005.png Graphic file (type png)
<use upc-positiu-p3005.png>
Package pdftex.def Info: upc-positiu-p3005.png  used on input line 1008.
(pdftex.def)             Requested size: 142.26384pt x 42.65405pt.

Package fancyhdr Warning: \headheight is too small (28.0pt): 
(fancyhdr)                Make it at least 46.25409pt, for example:
(fancyhdr)                \setlength{\headheight}{46.25409pt}.
(fancyhdr)                You might also make \topmargin smaller to compensate:

(fancyhdr)                \addtolength{\topmargin}{-18.25409pt}.

[26 <./project_files/figure-latex/unnamed-chunk-32-3.pdf>] (./project.aux)
Package rerunfilecheck Info: File `project.out' has not changed.
(rerunfilecheck)             Checksum: 37487C45E794B79B630615CE4D58FE92;762.
 ) 
Here is how much of TeX's memory you used:
 11564 strings out of 480313
 186335 string characters out of 5896114
 479878 words of memory out of 5000000
 29124 multiletter control sequences out of 15000+600000
 457584 words of font info for 72 fonts, out of 8000000 for 9000
 14 hyphenation exceptions out of 8191
 60i,16n,63p,442b,491s stack positions out of 5000i,500n,10000p,200000b,80000s
{/Users/ettorefalde/Library/TinyTeX/texmf-dist/fonts/enc/dvips/lm/lm-ec.enc}{
/Users/ettorefalde/Library/TinyTeX/texmf-dist/fonts/enc/dvips/lm/lm-ts1.enc}</U
sers/ettorefalde/Library/TinyTeX/texmf-dist/fonts/type1/public/lm/lmbx10.pfb></
Users/ettorefalde/Library/TinyTeX/texmf-dist/fonts/type1/public/lm/lmbx12.pfb><
/Users/ettorefalde/Library/TinyTeX/texmf-dist/fonts/type1/public/lm/lmr10.pfb><
/Users/ettorefalde/Library/TinyTeX/texmf-dist/fonts/type1/public/lm/lmr12.pfb><
/Users/ettorefalde/Library/TinyTeX/texmf-dist/fonts/type1/public/lm/lmr17.pfb><
/Users/ettorefalde/Library/TinyTeX/texmf-dist/fonts/type1/public/lm/lmri10.pfb>
</Users/ettorefalde/Library/TinyTeX/texmf-dist/fonts/type1/public/lm/lmro10.pfb
></Users/ettorefalde/Library/TinyTeX/texmf-dist/fonts/type1/public/lm/lmtko10.p
fb></Users/ettorefalde/Library/TinyTeX/texmf-dist/fonts/type1/public/lm/lmtt10.
pfb></Users/ettorefalde/Library/TinyTeX/texmf-dist/fonts/type1/public/lm/lmtti1
0.pfb>
Output written on project.pdf (26 pages, 573388 bytes).
PDF statistics:
 431 PDF objects out of 1000 (max. 8388607)
 336 compressed objects within 4 object streams
 97 named destinations out of 1000 (max. 500000)
 162 words of extra memory for PDF output out of 10000 (max. 10000000)

